#
# There is insufficient memory for the Java Runtime Environment to continue.
# Native memory allocation (malloc) failed to allocate 941456 bytes for Chunk::new
# Possible reasons:
#   The system is out of physical RAM or swap space
#   In 32 bit mode, the process size limit was hit
# Possible solutions:
#   Reduce memory load on the system
#   Increase physical memory or swap space
#   Check if swap backing store is full
#   Use 64 bit Java on a 64 bit OS
#   Decrease Java heap size (-Xmx/-Xms)
#   Decrease number of Java threads
#   Decrease Java thread stack sizes (-Xss)
#   Set larger code cache with -XX:ReservedCodeCacheSize=
# This output file may be truncated or incomplete.
#
#  Out of Memory Error (allocation.cpp:323), pid=3856, tid=12988
#
# JRE version: Java(TM) SE Runtime Environment (7.0_79-b15) (build 1.7.0_79-b15)
# Java VM: Java HotSpot(TM) 64-Bit Server VM (24.79-b02 mixed mode windows-amd64 compressed oops)
# Failed to write core dump. Minidumps are not enabled by default on client versions of Windows
#

---------------  T H R E A D  ---------------

Current thread (0x0000000002a00000):  JavaThread "C2 CompilerThread0" daemon [_thread_in_native, id=12988, stack(0x000000000bb50000,0x000000000bc50000)]

Stack: [0x000000000bb50000,0x000000000bc50000]

Current CompileTask:
C2:   2601  222             com.android.dx.ssa.SCCP::run (298 bytes)


---------------  P R O C E S S  ---------------

Java Threads: ( => current thread )
  0x000000000a828000 JavaThread "pool-1-thread-4" [_thread_in_vm, id=15152, stack(0x000000000c350000,0x000000000c450000)]
  0x000000000a7ab000 JavaThread "pool-1-thread-3" [_thread_in_Java, id=968, stack(0x000000000c250000,0x000000000c350000)]
  0x000000000a7aa000 JavaThread "pool-1-thread-2" [_thread_in_Java, id=13696, stack(0x000000000c150000,0x000000000c250000)]
  0x000000000a6dd000 JavaThread "pool-2-thread-1" [_thread_blocked, id=1624, stack(0x000000000c050000,0x000000000c150000)]
  0x000000000a6b4000 JavaThread "pool-1-thread-1" [_thread_in_Java, id=10400, stack(0x000000000bf50000,0x000000000c050000)]
  0x0000000002a06800 JavaThread "Service Thread" daemon [_thread_blocked, id=12060, stack(0x000000000bd50000,0x000000000be50000)]
  0x0000000002a05800 JavaThread "C2 CompilerThread1" daemon [_thread_in_native, id=17932, stack(0x000000000bc50000,0x000000000bd50000)]
=>0x0000000002a00000 JavaThread "C2 CompilerThread0" daemon [_thread_in_native, id=12988, stack(0x000000000bb50000,0x000000000bc50000)]
  0x00000000029ff800 JavaThread "Attach Listener" daemon [_thread_blocked, id=12932, stack(0x000000000ba50000,0x000000000bb50000)]
  0x00000000029fe800 JavaThread "Signal Dispatcher" daemon [_thread_blocked, id=18596, stack(0x000000000b950000,0x000000000ba50000)]
  0x0000000008f0f000 JavaThread "Finalizer" daemon [_thread_blocked, id=18044, stack(0x000000000b850000,0x000000000b950000)]
  0x0000000008f0a000 JavaThread "Reference Handler" daemon [_thread_blocked, id=4984, stack(0x000000000b750000,0x000000000b850000)]
  0x0000000002912800 JavaThread "main" [_thread_in_Java, id=12836, stack(0x0000000002810000,0x0000000002910000)]

Other Threads:
  0x0000000008f03800 VMThread [stack: 0x000000000b650000,0x000000000b750000] [id=7080]
  0x000000000a605800 WatcherThread [stack: 0x000000000be50000,0x000000000bf50000] [id=16940]

VM state:not at safepoint (normal execution)

VM Mutex/Monitor currently owned by a thread: None

Heap
 PSYoungGen      total 76288K, used 24065K [0x00000000eaa80000, 0x00000000f3f80000, 0x0000000100000000)
  eden space 65536K, 20% used [0x00000000eaa80000,0x00000000eb7819f0,0x00000000eea80000)
  from space 10752K, 99% used [0x00000000eea80000,0x00000000ef4fed98,0x00000000ef500000)
  to   space 10752K, 0% used [0x00000000f3500000,0x00000000f3500000,0x00000000f3f80000)
 ParOldGen       total 173568K, used 233K [0x00000000c0000000, 0x00000000ca980000, 0x00000000eaa80000)
  object space 173568K, 0% used [0x00000000c0000000,0x00000000c003a7e0,0x00000000ca980000)
 PSPermGen       total 21504K, used 5928K [0x00000000bae00000, 0x00000000bc300000, 0x00000000c0000000)
  object space 21504K, 27% used [0x00000000bae00000,0x00000000bb3ca3b0,0x00000000bc300000)

Card table byte_map: [0x0000000005ad0000,0x0000000005d00000] byte_map_base: 0x00000000054f9000

Polling page: 0x0000000000df0000

Code Cache  [0x0000000002a10000, 0x0000000002c80000, 0x0000000005a10000)
 total_blobs=520 nmethods=283 adapters=189 free_code_cache=47980Kb largest_free_block=49108672

Compilation events (10 events):
Event: 1.886 Thread 0x0000000002a05800 nmethod 279 0x0000000002b23d10 code [0x0000000002b23e40, 0x0000000002b23e98]
Event: 1.886 Thread 0x0000000002a05800  280             com.android.dx.cf.code.BasicBlocker::getBlockList (208 bytes)
Event: 1.908 Thread 0x0000000002a05800 nmethod 280 0x0000000002b1cb10 code [0x0000000002b1cce0, 0x0000000002b1da68]
Event: 1.908 Thread 0x0000000002a05800  281             com.android.dx.rop.code.BasicBlockList$RegCountVisitor::visitPlainInsn (6 bytes)
Event: 1.912 Thread 0x0000000002a05800 nmethod 281 0x0000000002b3a010 code [0x0000000002b3a180, 0x0000000002b3a418]
Event: 1.912 Thread 0x0000000002a05800  282             com.android.dx.ssa.NormalSsaInsn::<init> (15 bytes)
Event: 1.913 Thread 0x0000000002a05800 nmethod 282 0x0000000002b38590 code [0x0000000002b386c0, 0x0000000002b38778]
Event: 1.913 Thread 0x0000000002a05800  283             com.android.dx.rop.code.RegisterSpecSet::localItemToSpec (49 bytes)
Event: 1.916 Thread 0x0000000002a05800 nmethod 283 0x0000000002b39610 code [0x0000000002b39760, 0x0000000002b39b98]
Event: 1.916 Thread 0x0000000002a05800  284   !         com.android.dx.cf.code.BytecodeArray::parseInstruction (2764 bytes)

GC Heap History (2 events):
Event: 1.953 GC heap before
{Heap before GC invocations=1 (full 0):
 PSYoungGen      total 76288K, used 65536K [0x00000000eaa80000, 0x00000000eff80000, 0x0000000100000000)
  eden space 65536K, 100% used [0x00000000eaa80000,0x00000000eea80000,0x00000000eea80000)
  from space 10752K, 0% used [0x00000000ef500000,0x00000000ef500000,0x00000000eff80000)
  to   space 10752K, 0% used [0x00000000eea80000,0x00000000eea80000,0x00000000ef500000)
 ParOldGen       total 173568K, used 0K [0x00000000c0000000, 0x00000000ca980000, 0x00000000eaa80000)
  object space 173568K, 0% used [0x00000000c0000000,0x00000000c0000000,0x00000000ca980000)
 PSPermGen       total 21504K, used 5922K [0x00000000bae00000, 0x00000000bc300000, 0x00000000c0000000)
  object space 21504K, 27% used [0x00000000bae00000,0x00000000bb3c8938,0x00000000bc300000)
Event: 2.486 GC heap after
Heap after GC invocations=1 (full 0):
 PSYoungGen      total 76288K, used 10747K [0x00000000eaa80000, 0x00000000f3f80000, 0x0000000100000000)
  eden space 65536K, 0% used [0x00000000eaa80000,0x00000000eaa80000,0x00000000eea80000)
  from space 10752K, 99% used [0x00000000eea80000,0x00000000ef4fed98,0x00000000ef500000)
  to   space 10752K, 0% used [0x00000000f3500000,0x00000000f3500000,0x00000000f3f80000)
 ParOldGen       total 173568K, used 233K [0x00000000c0000000, 0x00000000ca980000, 0x00000000eaa80000)
  object space 173568K, 0% used [0x00000000c0000000,0x00000000c003a7e0,0x00000000ca980000)
 PSPermGen       total 21504K, used 5922K [0x00000000bae00000, 0x00000000bc300000, 0x00000000c0000000)
  object space 21504K, 27% used [0x00000000bae00000,0x00000000bb3c8938,0x00000000bc300000)
}

Deoptimization events (10 events):
Event: 0.631 Thread 0x0000000002912800 Uncommon trap: reason=class_check action=maybe_recompile pc=0x0000000002a98268 method=com.android.dx.ssa.NormalSsaInsn.accept(Lcom/android/dx/ssa/SsaInsn$Visitor;)V @ 9
Event: 0.760 Thread 0x000000000a6b4000 Uncommon trap: reason=class_check action=maybe_recompile pc=0x0000000002a98268 method=com.android.dx.ssa.NormalSsaInsn.accept(Lcom/android/dx/ssa/SsaInsn$Visitor;)V @ 9
Event: 0.771 Thread 0x000000000a6b4000 Uncommon trap: reason=class_check action=maybe_recompile pc=0x0000000002a98268 method=com.android.dx.ssa.NormalSsaInsn.accept(Lcom/android/dx/ssa/SsaInsn$Visitor;)V @ 9
Event: 0.873 Thread 0x000000000a6b4000 Uncommon trap: reason=unreached action=reinterpret pc=0x0000000002a9dec4 method=com.android.dx.rop.cst.Constant.compareTo(Lcom/android/dx/rop/cst/Constant;)I @ 12
Event: 0.897 Thread 0x000000000a7ab000 Uncommon trap: reason=unreached action=reinterpret pc=0x0000000002acfd24 method=com.android.dx.ssa.SsaRenamer$BlockRenamer.process()V @ 90
Event: 0.946 Thread 0x000000000a6b4000 Uncommon trap: reason=unreached action=reinterpret pc=0x0000000002ac5b30 method=com.android.dx.ssa.LocalVariableExtractor.processBlock(I)V @ 251
Event: 1.810 Thread 0x000000000a6b4000 Uncommon trap: reason=unreached action=reinterpret pc=0x0000000002af1d14 method=com.android.dx.rop.code.LocalVariableExtractor.processBlock(I)V @ 195
Event: 2.501 Thread 0x000000000a6b4000 Uncommon trap: reason=bimorphic action=maybe_recompile pc=0x0000000002affde4 method=com.android.dx.ssa.SCCP.simulatePhi(Lcom/android/dx/ssa/PhiInsn;)V @ 124
Event: 2.515 Thread 0x000000000a6b4000 Uncommon trap: reason=null_check action=make_not_entrant pc=0x0000000002ab0ed4 method=com.android.dx.rop.type.Type.equals(Ljava/lang/Object;)Z @ 8
Event: 2.538 Thread 0x0000000002912800 Uncommon trap: reason=null_check action=make_not_entrant pc=0x0000000002b0f378 method=com.android.dx.rop.type.Type.putIntern(Lcom/android/dx/rop/type/Type;)Lcom/android/dx/rop/type/Type; @ 18

Internal exceptions (10 events):
Event: 0.456 Thread 0x000000000a6b4000 Threw 0x00000000eb664f70 at C:\re\jdk7u79\2331\hotspot\src\share\vm\prims\jvm.cpp:1304
Event: 0.459 Thread 0x000000000a7aa000 Threw 0x00000000eb8d70d8 at C:\re\jdk7u79\2331\hotspot\src\share\vm\prims\jvm.cpp:1304
Event: 0.498 Thread 0x000000000a7ab000 Threw 0x00000000eb5fe158 at C:\re\jdk7u79\2331\hotspot\src\share\vm\prims\jvm.cpp:1304
Event: 0.499 Thread 0x000000000a7ab000 Threw 0x00000000eb602dc8 at C:\re\jdk7u79\2331\hotspot\src\share\vm\prims\jvm.cpp:1304
Event: 0.499 Thread 0x000000000a7ab000 Threw 0x00000000ebc70260 at C:\re\jdk7u79\2331\hotspot\src\share\vm\prims\jvm.cpp:1304
Event: 0.500 Thread 0x000000000a7ab000 Threw 0x00000000ebc75768 at C:\re\jdk7u79\2331\hotspot\src\share\vm\prims\jvm.cpp:1304
Event: 0.524 Thread 0x000000000a7ab000 Threw 0x00000000ebcab2b0 at C:\re\jdk7u79\2331\hotspot\src\share\vm\prims\jvm.cpp:1304
Event: 0.531 Thread 0x000000000a6b4000 Implicit null exception at 0x0000000002a8e62a to 0x0000000002a8ee95
Event: 2.515 Thread 0x000000000a6b4000 Implicit null exception at 0x0000000002ab0dd2 to 0x0000000002ab0ec5
Event: 2.538 Thread 0x0000000002912800 Implicit null exception at 0x0000000002b0ec87 to 0x0000000002b0f369

Events (10 events):
Event: 2.486 Executing VM operation: ParallelGCFailedAllocation done
Event: 2.501 Thread 0x000000000a6b4000 Uncommon trap: trap_request=0xffffffc6 fr.pc=0x0000000002affde4
Event: 2.501 Thread 0x000000000a6b4000 DEOPT PACKING pc=0x0000000002affde4 sp=0x000000000c04ed70
Event: 2.501 Thread 0x000000000a6b4000 DEOPT UNPACKING pc=0x0000000002a475a4 sp=0x000000000c04ecb8 mode 2
Event: 2.515 Thread 0x000000000a6b4000 Uncommon trap: trap_request=0xfffffff4 fr.pc=0x0000000002ab0ed4
Event: 2.515 Thread 0x000000000a6b4000 DEOPT PACKING pc=0x0000000002ab0ed4 sp=0x000000000c04ec00
Event: 2.515 Thread 0x000000000a6b4000 DEOPT UNPACKING pc=0x0000000002a475a4 sp=0x000000000c04eb98 mode 2
Event: 2.538 Thread 0x0000000002912800 Uncommon trap: trap_request=0xfffffff4 fr.pc=0x0000000002b0f378
Event: 2.538 Thread 0x0000000002912800 DEOPT PACKING pc=0x0000000002b0f378 sp=0x000000000290eaa0
Event: 2.538 Thread 0x0000000002912800 DEOPT UNPACKING pc=0x0000000002a475a4 sp=0x000000000290e9b8 mode 2


Dynamic libraries:
0x00007ff789560000 - 0x00007ff789593000 	C:\Program Files\Java\jdk1.7.0_79\bin\java.exe
0x00007ff98ece0000 - 0x00007ff98eeb1000 	C:\WINDOWS\SYSTEM32\ntdll.dll
0x00007ff98cbc0000 - 0x00007ff98cc6c000 	C:\WINDOWS\System32\KERNEL32.DLL
0x00007ff98b5f0000 - 0x00007ff98b80d000 	C:\WINDOWS\System32\KERNELBASE.dll
0x00007ff98c6d0000 - 0x00007ff98c772000 	C:\WINDOWS\System32\ADVAPI32.dll
0x00007ff98c2d0000 - 0x00007ff98c36e000 	C:\WINDOWS\System32\msvcrt.dll
0x00007ff98e980000 - 0x00007ff98e9d9000 	C:\WINDOWS\System32\sechost.dll
0x00007ff98d340000 - 0x00007ff98d461000 	C:\WINDOWS\System32\RPCRT4.dll
0x00007ff98e9e0000 - 0x00007ff98eb45000 	C:\WINDOWS\System32\USER32.dll
0x00007ff98b2a0000 - 0x00007ff98b2be000 	C:\WINDOWS\System32\win32u.dll
0x00007ff98c370000 - 0x00007ff98c3a4000 	C:\WINDOWS\System32\GDI32.dll
0x00007ff98bef0000 - 0x00007ff98c070000 	C:\WINDOWS\System32\gdi32full.dll
0x00007ff980ea0000 - 0x00007ff98111a000 	C:\WINDOWS\WinSxS\amd64_microsoft.windows.common-controls_6595b64144ccf1df_6.0.14393.953_none_42151e83c686086b\COMCTL32.dll
0x00007ff98c8f0000 - 0x00007ff98cbb8000 	C:\WINDOWS\System32\combase.dll
0x00007ff98c070000 - 0x00007ff98c165000 	C:\WINDOWS\System32\ucrtbase.dll
0x00007ff98b1e0000 - 0x00007ff98b24a000 	C:\WINDOWS\System32\bcryptPrimitives.dll
0x00007ff98d240000 - 0x00007ff98d26e000 	C:\WINDOWS\System32\IMM32.DLL
0x000000006b890000 - 0x000000006b962000 	C:\Program Files\Java\jdk1.7.0_79\jre\bin\msvcr100.dll
0x000000006b0b0000 - 0x000000006b885000 	C:\Program Files\Java\jdk1.7.0_79\jre\bin\server\jvm.dll
0x00007ff98c6c0000 - 0x00007ff98c6c8000 	C:\WINDOWS\System32\PSAPI.DLL
0x00007ff981a70000 - 0x00007ff981a79000 	C:\WINDOWS\SYSTEM32\WSOCK32.dll
0x00007ff98eb70000 - 0x00007ff98ebda000 	C:\WINDOWS\System32\WS2_32.dll
0x00007ff988ed0000 - 0x00007ff988ef3000 	C:\WINDOWS\SYSTEM32\WINMM.dll
0x00007ff988ea0000 - 0x00007ff988ecb000 	C:\WINDOWS\SYSTEM32\WINMMBASE.dll
0x00007ff98b250000 - 0x00007ff98b292000 	C:\WINDOWS\System32\cfgmgr32.dll
0x000000006b0a0000 - 0x000000006b0af000 	C:\Program Files\Java\jdk1.7.0_79\jre\bin\verify.dll
0x000000006b070000 - 0x000000006b098000 	C:\Program Files\Java\jdk1.7.0_79\jre\bin\java.dll
0x000000006b050000 - 0x000000006b065000 	C:\Program Files\Java\jdk1.7.0_79\jre\bin\zip.dll
0x000000006b030000 - 0x000000006b04a000 	C:\Program Files\Java\jdk1.7.0_79\jre\bin\net.dll
0x00007ff98aa20000 - 0x00007ff98aa7c000 	C:\WINDOWS\system32\mswsock.dll
0x000000006b010000 - 0x000000006b021000 	C:\Program Files\Java\jdk1.7.0_79\jre\bin\nio.dll

VM Arguments:
jvm_args: -Djava.awt.headless=true -Xmx1024M -Dfile.encoding=windows-1252 -Duser.country=US -Duser.language=en -Duser.variant 
java_command: com.android.dx.command.Main --dex --num-threads=4 --output C:\Users\ginac\AndroidStudioProjects\TempConversionCEIS\app\build\intermediates\pre-dexed\debug\com.android.support-support-fragment-26.0.0-alpha1_3dd50134bc883b89c4bb2cd471014addf34ddd1c.jar C:\Users\ginac\AndroidStudioProjects\TempConversionCEIS\app\build\intermediates\exploded-aar\com.android.support\support-fragment\26.0.0-alpha1\jars\classes.jar
Launcher Type: SUN_STANDARD

Environment Variables:
PATH=
[error occurred during error reporting (printing environment variables), id 0xc0000005]



---------------  S Y S T E M  ---------------

OS: Windows 8.1 , 64 bit Build 9600 

CPU:total 12 (6 cores per cpu, 2 threads per core) family 6 model 63 stepping 2, cmov, cx8, fxsr, mmx, sse, sse2, sse3, ssse3, sse4.1, sse4.2, popcnt, avx, avx2, aes, erms, ht, tsc, tscinvbit

Memory: 4k page, physical 16673304k(4349672k free), swap 20867608k(10876k free)

vm_info: Java HotSpot(TM) 64-Bit Server VM (24.79-b02) for windows-amd64 JRE (1.7.0_79-b15), built on Apr 10 2015 12:36:16 by "java_re" with unknown MS VC++:1600

time: Tue Jul 18 22:16:48 2017
elapsed time: 2 seconds

