#
# There is insufficient memory for the Java Runtime Environment to continue.
# Native memory allocation (malloc) failed to allocate 1048576 bytes for AllocateHeap
# Possible reasons:
#   The system is out of physical RAM or swap space
#   In 32 bit mode, the process size limit was hit
# Possible solutions:
#   Reduce memory load on the system
#   Increase physical memory or swap space
#   Check if swap backing store is full
#   Use 64 bit Java on a 64 bit OS
#   Decrease Java heap size (-Xmx/-Xms)
#   Decrease number of Java threads
#   Decrease Java thread stack sizes (-Xss)
#   Set larger code cache with -XX:ReservedCodeCacheSize=
# This output file may be truncated or incomplete.
#
#  Out of Memory Error (memory/allocation.inline.hpp:61), pid=15260, tid=0x0000000000000e6c
#
# JRE version:  (8.0_131-b11) (build )
# Java VM: Java HotSpot(TM) 64-Bit Server VM (25.131-b11 mixed mode windows-amd64 compressed oops)
# Failed to write core dump. Minidumps are not enabled by default on client versions of Windows
#

---------------  T H R E A D  ---------------

Current thread (0x0000000002f4d800):  JavaThread "Unknown thread" [_thread_in_vm, id=3692, stack(0x0000000002da0000,0x0000000002ea0000)]

Stack: [0x0000000002da0000,0x0000000002ea0000]
[error occurred during error reporting (printing stack bounds), id 0xc0000005]

Native frames: (J=compiled Java code, j=interpreted, Vv=VM code, C=native code)


---------------  P R O C E S S  ---------------

Java Threads: ( => current thread )

Other Threads:

=>0x0000000002f4d800 (exited) JavaThread "Unknown thread" [_thread_in_vm, id=3692, stack(0x0000000002da0000,0x0000000002ea0000)]

VM state:not at safepoint (normal execution)

VM Mutex/Monitor currently owned by a thread: None

Heap:
 PSYoungGen      total 76288K, used 1310K [0x00000000eab00000, 0x00000000f0000000, 0x0000000100000000)
  eden space 65536K, 2% used [0x00000000eab00000,0x00000000eac47af0,0x00000000eeb00000)
  from space 10752K, 0% used [0x00000000ef580000,0x00000000ef580000,0x00000000f0000000)
  to   space 10752K, 0% used [0x00000000eeb00000,0x00000000eeb00000,0x00000000ef580000)
 ParOldGen       total 175104K, used 0K [0x00000000c0000000, 0x00000000cab00000, 0x00000000eab00000)
  object space 175104K, 0% used [0x00000000c0000000,0x00000000c0000000,0x00000000cab00000)
 Metaspace       used 770K, capacity 4480K, committed 4480K, reserved 1056768K
  class space    used 75K, capacity 384K, committed 384K, reserved 1048576K

Card table byte_map: [0x0000000012410000,0x0000000012620000] byte_map_base: 0x0000000011e10000

Marking Bits: (ParMarkBitMap*) 0x000000006b1ac720
 Begin Bits: [0x0000000013180000, 0x0000000014180000)
 End Bits:   [0x0000000014180000, 0x0000000015180000)

Polling page: 0x0000000002ea0000

CodeCache: size=245760Kb used=328Kb max_used=328Kb free=245431Kb
 bounds [0x0000000003050000, 0x00000000032c0000, 0x0000000012050000]
 total_blobs=58 nmethods=0 adapters=38
 compilation: enabled

Compilation events (0 events):
No events

GC Heap History (0 events):
No events

Deoptimization events (0 events):
No events

Internal exceptions (0 events):
No events

Events (10 events):
Event: 0.024 loading class java/lang/Short
Event: 0.025 loading class java/lang/Short done
Event: 0.025 loading class java/lang/Integer
Event: 0.025 loading class java/lang/Integer done
Event: 0.025 loading class java/lang/Long
Event: 0.025 loading class java/lang/Long done
Event: 0.025 loading class java/lang/NullPointerException
Event: 0.025 loading class java/lang/NullPointerException done
Event: 0.025 loading class java/lang/ArithmeticException
Event: 0.026 loading class java/lang/ArithmeticException done


Dynamic libraries:
0x00007ff68ecc0000 - 0x00007ff68ecf7000 	C:\Program Files\Java\jdk1.8.0_131\bin\java.exe
0x00007ff98ece0000 - 0x00007ff98eeb1000 	C:\WINDOWS\SYSTEM32\ntdll.dll
0x00007ff98cbc0000 - 0x00007ff98cc6c000 	C:\WINDOWS\System32\KERNEL32.DLL
0x00007ff98b5f0000 - 0x00007ff98b80d000 	C:\WINDOWS\System32\KERNELBASE.dll
0x00007ff98c6d0000 - 0x00007ff98c772000 	C:\WINDOWS\System32\ADVAPI32.dll
0x00007ff98c2d0000 - 0x00007ff98c36e000 	C:\WINDOWS\System32\msvcrt.dll
0x00007ff98e980000 - 0x00007ff98e9d9000 	C:\WINDOWS\System32\sechost.dll
0x00007ff98d340000 - 0x00007ff98d461000 	C:\WINDOWS\System32\RPCRT4.dll
0x00007ff98e9e0000 - 0x00007ff98eb45000 	C:\WINDOWS\System32\USER32.dll
0x00007ff98b2a0000 - 0x00007ff98b2be000 	C:\WINDOWS\System32\win32u.dll
0x00007ff98c370000 - 0x00007ff98c3a4000 	C:\WINDOWS\System32\GDI32.dll
0x00007ff98bef0000 - 0x00007ff98c070000 	C:\WINDOWS\System32\gdi32full.dll
0x00007ff980ea0000 - 0x00007ff98111a000 	C:\WINDOWS\WinSxS\amd64_microsoft.windows.common-controls_6595b64144ccf1df_6.0.14393.953_none_42151e83c686086b\COMCTL32.dll
0x00007ff98c8f0000 - 0x00007ff98cbb8000 	C:\WINDOWS\System32\combase.dll
0x00007ff98c070000 - 0x00007ff98c165000 	C:\WINDOWS\System32\ucrtbase.dll
0x00007ff98b1e0000 - 0x00007ff98b24a000 	C:\WINDOWS\System32\bcryptPrimitives.dll
0x00007ff98d240000 - 0x00007ff98d26e000 	C:\WINDOWS\System32\IMM32.DLL
0x000000006b230000 - 0x000000006b302000 	C:\Program Files\Java\jdk1.8.0_131\jre\bin\msvcr100.dll
0x000000006a990000 - 0x000000006b22c000 	C:\Program Files\Java\jdk1.8.0_131\jre\bin\server\jvm.dll
0x00007ff98c6c0000 - 0x00007ff98c6c8000 	C:\WINDOWS\System32\PSAPI.DLL
0x00007ff981a70000 - 0x00007ff981a79000 	C:\WINDOWS\SYSTEM32\WSOCK32.dll
0x00007ff988ed0000 - 0x00007ff988ef3000 	C:\WINDOWS\SYSTEM32\WINMM.dll
0x00007ff98eb70000 - 0x00007ff98ebda000 	C:\WINDOWS\System32\WS2_32.dll
0x00007ff985120000 - 0x00007ff98512a000 	C:\WINDOWS\SYSTEM32\VERSION.dll
0x00007ff988ea0000 - 0x00007ff988ecb000 	C:\WINDOWS\SYSTEM32\WINMMBASE.dll
0x00007ff98b250000 - 0x00007ff98b292000 	C:\WINDOWS\System32\cfgmgr32.dll
0x000000006a980000 - 0x000000006a98f000 	C:\Program Files\Java\jdk1.8.0_131\jre\bin\verify.dll
0x000000006a950000 - 0x000000006a979000 	C:\Program Files\Java\jdk1.8.0_131\jre\bin\java.dll
0x000000006a930000 - 0x000000006a946000 	C:\Program Files\Java\jdk1.8.0_131\jre\bin\zip.dll

VM Arguments:
jvm_args: -Djava.awt.headless=true -Xmx1024M -Dfile.encoding=windows-1252 -Duser.country=US -Duser.language=en -Duser.variant 
java_command: com.android.dx.command.Main --dex --force-jumbo --num-threads=4 --multi-dex --output C:\Users\ginac\AndroidStudioProjects\TempConversionCEIS\app\build\intermediates\transforms\dex\debug\folders\1000\5\slice_3 C:\Users\ginac\AndroidStudioProjects\TempConversionCEIS\app\build\intermediates\transforms\instantRunSlicer\debug\folders\1\5\slice_3
java_class_path (initial): C:\Users\ginac\AppData\Local\Android\sdk\build-tools\25.0.0\lib\dx.jar
Launcher Type: SUN_STANDARD

Environment Variables:
PATH=C:\Program Files (x86)\Google\Chrome\Application;C:\Program Files (x86)\Intel\iCLS Client\;C:\Program Files\Intel\iCLS Client\;C:\Windows\system32;C:\Windows;C:\Windows\System32\Wbem;C:\Windows\System32\WindowsPowerShell\v1.0\;C:\Program Files\Intel\Intel(R) Management Engine Components\DAL;C:\Program Files (x86)\Intel\Intel(R) Management Engine Components\DAL;C:\Program Files\Intel\Intel(R) Management Engine Components\IPT;C:\Program Files (x86)\Intel\Intel(R) Management Engine Components\IPT;C:\Program Files (x86)\NVIDIA Corporation\PhysX\Common;C:\Program Files\Microsoft SQL Server\120\Tools\Binn\;C:\Program Files\Microsoft SQL Server\130\Tools\Binn\;C:\Program Files (x86)\Windows Kits\10\Windows Performance Toolkit\;%SystemRoot%\system32;%SystemRoot%;%SystemRoot%\System32\Wbem;%SYSTEMROOT%\System32\WindowsPowerShell\v1.0\;C:\Program Files (x86)\Nmap;C:\Users\ginac\AppData\Local\Microsoft\WindowsApps;
USERNAME=ginac
OS=Windows_NT
PROCESSOR_IDENTIFIER=Intel64 Family 6 Model 63 Stepping 2, GenuineIntel



---------------  S Y S T E M  ---------------

OS: Windows 10.0 , 64 bit Build 14393 (10.0.14393.1198)

CPU:total 12 (initial active 12) (6 cores per cpu, 2 threads per core) family 6 model 63 stepping 2, cmov, cx8, fxsr, mmx, sse, sse2, sse3, ssse3, sse4.1, sse4.2, popcnt, avx, avx2, aes, clmul, erms, lzcnt, ht, tsc, tscinvbit, bmi1, bmi2

Memory: 4k page, physical 16673304k(3795812k free), swap 20867608k(5932k free)

vm_info: Java HotSpot(TM) 64-Bit Server VM (25.131-b11) for windows-amd64 JRE (1.8.0_131-b11), built on Mar 15 2017 01:23:53 by "java_re" with MS VC++ 10.0 (VS2010)

time: Tue Jul 18 23:31:55 2017
elapsed time: 0 seconds (0d 0h 0m 0s)

