#
# There is insufficient memory for the Java Runtime Environment to continue.
# Native memory allocation (malloc) failed to allocate 1048576 bytes for AllocateHeap
# Possible reasons:
#   The system is out of physical RAM or swap space
#   In 32 bit mode, the process size limit was hit
# Possible solutions:
#   Reduce memory load on the system
#   Increase physical memory or swap space
#   Check if swap backing store is full
#   Use 64 bit Java on a 64 bit OS
#   Decrease Java heap size (-Xmx/-Xms)
#   Decrease number of Java threads
#   Decrease Java thread stack sizes (-Xss)
#   Set larger code cache with -XX:ReservedCodeCacheSize=
# This output file may be truncated or incomplete.
#
#  Out of Memory Error (memory/allocation.inline.hpp:61), pid=6232, tid=13604
#
# JRE version:  (7.0_79-b15) (build )
# Java VM: Java HotSpot(TM) 64-Bit Server VM (24.79-b02 mixed mode windows-amd64 compressed oops)
# Failed to write core dump. Minidumps are not enabled by default on client versions of Windows
#

---------------  T H R E A D  ---------------

Current thread (0x0000000002b30800):  JavaThread "Unknown thread" [_thread_in_vm, id=13604, stack(0x0000000002a30000,0x0000000002b30000)]

Stack: [0x0000000002a30000,0x0000000002b30000]

---------------  P R O C E S S  ---------------

Java Threads: ( => current thread )

Other Threads:

=>0x0000000002b30800 (exited) JavaThread "Unknown thread" [_thread_in_vm, id=13604, stack(0x0000000002a30000,0x0000000002b30000)]

VM state:not at safepoint (normal execution)

VM Mutex/Monitor currently owned by a thread: None

Heap
 PSYoungGen      total 76288K, used 1310K [0x00000000eaa80000, 0x00000000eff80000, 0x0000000100000000)
  eden space 65536K, 2% used [0x00000000eaa80000,0x00000000eabc7b38,0x00000000eea80000)
  from space 10752K, 0% used [0x00000000ef500000,0x00000000ef500000,0x00000000eff80000)
  to   space 10752K, 0% used [0x00000000eea80000,0x00000000eea80000,0x00000000ef500000)
 ParOldGen       total 173568K, used 0K [0x00000000c0000000, 0x00000000ca980000, 0x00000000eaa80000)
  object space 173568K, 0% used [0x00000000c0000000,0x00000000c0000000,0x00000000ca980000)
 PSPermGen       total 21504K, used 697K [0x00000000bae00000, 0x00000000bc300000, 0x00000000c0000000)
  object space 21504K, 3% used [0x00000000bae00000,0x00000000baeae588,0x00000000bc300000)

Card table byte_map: [0x0000000005cf0000,0x0000000005f20000] byte_map_base: 0x0000000005719000

Polling page: 0x0000000002940000

Code Cache  [0x0000000002c30000, 0x0000000002ea0000, 0x0000000005c30000)
 total_blobs=38 nmethods=0 adapters=20 free_code_cache=48889Kb largest_free_block=50062528

Compilation events (0 events):
No events

GC Heap History (0 events):
No events

Deoptimization events (0 events):
No events

Internal exceptions (0 events):
No events

Events (10 events):
Event: 0.036 loading class 0x0000000002b81c80
Event: 0.036 loading class 0x0000000002b81c80 done
Event: 0.036 loading class 0x0000000002b81cd0
Event: 0.037 loading class 0x0000000002b81cd0 done
Event: 0.037 loading class 0x0000000002b81d20
Event: 0.037 loading class 0x0000000002b81d20 done
Event: 0.037 loading class 0x0000000002b82aa0
Event: 0.037 loading class 0x0000000002b82aa0 done
Event: 0.037 loading class 0x0000000002b826c0
Event: 0.037 loading class 0x0000000002b826c0 done


Dynamic libraries:
0x00007ff789560000 - 0x00007ff789593000 	C:\Program Files\Java\jdk1.7.0_79\bin\java.exe
0x00007ff98ece0000 - 0x00007ff98eeb1000 	C:\WINDOWS\SYSTEM32\ntdll.dll
0x00007ff98cbc0000 - 0x00007ff98cc6c000 	C:\WINDOWS\System32\KERNEL32.DLL
0x00007ff98b5f0000 - 0x00007ff98b80d000 	C:\WINDOWS\System32\KERNELBASE.dll
0x00007ff98c6d0000 - 0x00007ff98c772000 	C:\WINDOWS\System32\ADVAPI32.dll
0x00007ff98c2d0000 - 0x00007ff98c36e000 	C:\WINDOWS\System32\msvcrt.dll
0x00007ff98e980000 - 0x00007ff98e9d9000 	C:\WINDOWS\System32\sechost.dll
0x00007ff98d340000 - 0x00007ff98d461000 	C:\WINDOWS\System32\RPCRT4.dll
0x00007ff98e9e0000 - 0x00007ff98eb45000 	C:\WINDOWS\System32\USER32.dll
0x00007ff98b2a0000 - 0x00007ff98b2be000 	C:\WINDOWS\System32\win32u.dll
0x00007ff98c370000 - 0x00007ff98c3a4000 	C:\WINDOWS\System32\GDI32.dll
0x00007ff98bef0000 - 0x00007ff98c070000 	C:\WINDOWS\System32\gdi32full.dll
0x00007ff980ea0000 - 0x00007ff98111a000 	C:\WINDOWS\WinSxS\amd64_microsoft.windows.common-controls_6595b64144ccf1df_6.0.14393.953_none_42151e83c686086b\COMCTL32.dll
0x00007ff98c8f0000 - 0x00007ff98cbb8000 	C:\WINDOWS\System32\combase.dll
0x00007ff98c070000 - 0x00007ff98c165000 	C:\WINDOWS\System32\ucrtbase.dll
0x00007ff98b1e0000 - 0x00007ff98b24a000 	C:\WINDOWS\System32\bcryptPrimitives.dll
0x00007ff98d240000 - 0x00007ff98d26e000 	C:\WINDOWS\System32\IMM32.DLL
0x000000006b890000 - 0x000000006b962000 	C:\Program Files\Java\jdk1.7.0_79\jre\bin\msvcr100.dll
0x000000006b0b0000 - 0x000000006b885000 	C:\Program Files\Java\jdk1.7.0_79\jre\bin\server\jvm.dll
0x00007ff98c6c0000 - 0x00007ff98c6c8000 	C:\WINDOWS\System32\PSAPI.DLL
0x00007ff981a70000 - 0x00007ff981a79000 	C:\WINDOWS\SYSTEM32\WSOCK32.dll
0x00007ff98eb70000 - 0x00007ff98ebda000 	C:\WINDOWS\System32\WS2_32.dll
0x00007ff988ed0000 - 0x00007ff988ef3000 	C:\WINDOWS\SYSTEM32\WINMM.dll
0x00007ff988ea0000 - 0x00007ff988ecb000 	C:\WINDOWS\SYSTEM32\WINMMBASE.dll
0x00007ff98b250000 - 0x00007ff98b292000 	C:\WINDOWS\System32\cfgmgr32.dll
0x000000006b0a0000 - 0x000000006b0af000 	C:\Program Files\Java\jdk1.7.0_79\jre\bin\verify.dll
0x000000006b070000 - 0x000000006b098000 	C:\Program Files\Java\jdk1.7.0_79\jre\bin\java.dll
0x000000006b050000 - 0x000000006b065000 	C:\Program Files\Java\jdk1.7.0_79\jre\bin\zip.dll

VM Arguments:
jvm_args: -Djava.awt.headless=true -Xmx1024M -Dfile.encoding=windows-1252 -Duser.country=US -Duser.language=en -Duser.variant 
java_command: com.android.dx.command.Main --dex --num-threads=4 --output C:\Users\ginac\AndroidStudioProjects\TempConversionCEIS\app\build\intermediates\pre-dexed\debug\debug_ca355577224bf73b1a4fb053108fb76b2661aded.jar C:\Users\ginac\AndroidStudioProjects\TempConversionCEIS\app\build\intermediates\classes\debug
Launcher Type: SUN_STANDARD

Environment Variables:
PATH=
[error occurred during error reporting (printing environment variables), id 0xc0000005]



---------------  S Y S T E M  ---------------

OS: Windows 8.1 , 64 bit Build 9600 

CPU:total 12 (6 cores per cpu, 2 threads per core) family 6 model 63 stepping 2, cmov, cx8, fxsr, mmx, sse, sse2, sse3, ssse3, sse4.1, sse4.2, popcnt, avx, avx2, aes, erms, ht, tsc, tscinvbit

Memory: 4k page, physical 16673304k(5671408k free), swap 20867608k(5204k free)

vm_info: Java HotSpot(TM) 64-Bit Server VM (24.79-b02) for windows-amd64 JRE (1.7.0_79-b15), built on Apr 10 2015 12:36:16 by "java_re" with unknown MS VC++:1600

time: Tue Jul 18 22:21:15 2017
elapsed time: 0 seconds

